{"uid":"923eeea167f4c58b","name":"test_go_to_tees_psge_too","fullName":"tests.test_luma_automation#test_go_to_tees_psge_too","historyId":"8fd36073e7d8fd3844a7d1a088dc194d","time":{"start":1668486411236,"stop":1668486412082,"duration":846},"status":"skipped","statusMessage":"XFAIL\n\nAssertionError: Wrong page\nassert 'tees' in 'https://magento.softwaretestingboard.com/women.html'\n +  where 'https://magento.softwaretestingboard.com/women.html' = <selenium.webdriver.chrome.webdriver.WebDriver (session=\"09f206f77a7f85c73c86e9da21b7aa32\")>.current_url","statusTrace":"driver = <selenium.webdriver.chrome.webdriver.WebDriver (session=\"09f206f77a7f85c73c86e9da21b7aa32\")>\n\n    @pytest.mark.xfail\n    def test_go_to_tees_psge_too(driver):\n        menu_women = driver.find_element(By.LINK_TEXT, \"Women\")\n        menu_women.click()\n>       assert \"tees\" in driver.current_url, \"Wrong page\"\nE       AssertionError: Wrong page\nE       assert 'tees' in 'https://magento.softwaretestingboard.com/women.html'\nE        +  where 'https://magento.softwaretestingboard.com/women.html' = <selenium.webdriver.chrome.webdriver.WebDriver (session=\"09f206f77a7f85c73c86e9da21b7aa32\")>.current_url\n\ntests/test_luma_automation.py:20: AssertionError","flaky":false,"newFailed":false,"newBroken":false,"newPassed":false,"retriesCount":0,"retriesStatusChange":false,"beforeStages":[{"name":"driver","time":{"start":1668486409505,"stop":1668486411235,"duration":1730},"status":"passed","steps":[],"attachments":[],"parameters":[],"stepsCount":0,"attachmentsCount":0,"shouldDisplayMessage":false,"hasContent":false}],"testStage":{"status":"skipped","statusMessage":"XFAIL\n\nAssertionError: Wrong page\nassert 'tees' in 'https://magento.softwaretestingboard.com/women.html'\n +  where 'https://magento.softwaretestingboard.com/women.html' = <selenium.webdriver.chrome.webdriver.WebDriver (session=\"09f206f77a7f85c73c86e9da21b7aa32\")>.current_url","statusTrace":"driver = <selenium.webdriver.chrome.webdriver.WebDriver (session=\"09f206f77a7f85c73c86e9da21b7aa32\")>\n\n    @pytest.mark.xfail\n    def test_go_to_tees_psge_too(driver):\n        menu_women = driver.find_element(By.LINK_TEXT, \"Women\")\n        menu_women.click()\n>       assert \"tees\" in driver.current_url, \"Wrong page\"\nE       AssertionError: Wrong page\nE       assert 'tees' in 'https://magento.softwaretestingboard.com/women.html'\nE        +  where 'https://magento.softwaretestingboard.com/women.html' = <selenium.webdriver.chrome.webdriver.WebDriver (session=\"09f206f77a7f85c73c86e9da21b7aa32\")>.current_url\n\ntests/test_luma_automation.py:20: AssertionError","steps":[],"attachments":[{"uid":"75211080e569211c","name":"stdout","source":"75211080e569211c.txt","type":"text/plain","size":35}],"parameters":[],"stepsCount":0,"attachmentsCount":1,"shouldDisplayMessage":true,"hasContent":true},"afterStages":[{"name":"driver::0","time":{"start":1668486412131,"stop":1668486412191,"duration":60},"status":"passed","steps":[],"attachments":[],"parameters":[],"stepsCount":0,"attachmentsCount":0,"shouldDisplayMessage":false,"hasContent":false}],"labels":[{"name":"tag","value":"@pytest.mark.xfail"},{"name":"parentSuite","value":"tests"},{"name":"suite","value":"test_luma_automation"},{"name":"host","value":"fv-az399-159"},{"name":"thread","value":"4058-MainThread"},{"name":"framework","value":"pytest"},{"name":"language","value":"cpython3"},{"name":"package","value":"tests.test_luma_automation"},{"name":"resultFormat","value":"allure2"}],"parameters":[],"links":[],"hidden":false,"retry":false,"extra":{"severity":"normal","retries":[],"categories":[],"tags":["@pytest.mark.xfail"]},"source":"923eeea167f4c58b.json","parameterValues":[]}